#
# There is insufficient memory for the Java Runtime Environment to continue.
# Native memory allocation (malloc) failed to allocate 1048576 bytes for AllocateHeap
# Possible reasons:
#   The system is out of physical RAM or swap space
#   In 32 bit mode, the process size limit was hit
# Possible solutions:
#   Reduce memory load on the system
#   Increase physical memory or swap space
#   Check if swap backing store is full
#   Use 64 bit Java on a 64 bit OS
#   Decrease Java heap size (-Xmx/-Xms)
#   Decrease number of Java threads
#   Decrease Java thread stack sizes (-Xss)
#   Set larger code cache with -XX:ReservedCodeCacheSize=
# This output file may be truncated or incomplete.
#
#  Out of Memory Error (memory/allocation.inline.hpp:61), pid=2176, tid=0x0000000000004258
#
# JRE version:  (8.0_144-b01) (build )
# Java VM: Java HotSpot(TM) 64-Bit Server VM (25.144-b01 mixed mode windows-amd64 compressed oops)
# Failed to write core dump. Minidumps are not enabled by default on client versions of Windows
#

---------------  T H R E A D  ---------------

Current thread (0x000000000316e800):  JavaThread "Unknown thread" [_thread_in_vm, id=16984, stack(0x0000000003030000,0x0000000003130000)]

Stack: [0x0000000003030000,0x0000000003130000]
[error occurred during error reporting (printing stack bounds), id 0xc0000005]

Native frames: (J=compiled Java code, j=interpreted, Vv=VM code, C=native code)


---------------  P R O C E S S  ---------------

Java Threads: ( => current thread )

Other Threads:

=>0x000000000316e800 (exited) JavaThread "Unknown thread" [_thread_in_vm, id=16984, stack(0x0000000003030000,0x0000000003130000)]

VM state:not at safepoint (normal execution)

VM Mutex/Monitor currently owned by a thread: None

Heap:
 PSYoungGen      total 56832K, used 983K [0x0000000781100000, 0x0000000785000000, 0x00000007c0000000)
  eden space 49152K, 2% used [0x0000000781100000,0x00000007811f5c38,0x0000000784100000)
  from space 7680K, 0% used [0x0000000784880000,0x0000000784880000,0x0000000785000000)
  to   space 7680K, 0% used [0x0000000784100000,0x0000000784100000,0x0000000784880000)
 ParOldGen       total 130048K, used 0K [0x0000000703200000, 0x000000070b100000, 0x0000000781100000)
  object space 130048K, 0% used [0x0000000703200000,0x0000000703200000,0x000000070b100000)
 Metaspace       used 770K, capacity 4480K, committed 4480K, reserved 1056768K
  class space    used 75K, capacity 384K, committed 384K, reserved 1048576K

Card table byte_map: [0x0000000012770000,0x0000000012d60000] byte_map_base: 0x000000000ef57000

Marking Bits: (ParMarkBitMap*) 0x0000000073c7d850
 Begin Bits: [0x0000000013550000, 0x0000000016488000)
 End Bits:   [0x0000000016488000, 0x00000000193c0000)

Polling page: 0x00000000014f0000

CodeCache: size=245760Kb used=328Kb max_used=328Kb free=245431Kb
 bounds [0x00000000033b0000, 0x0000000003620000, 0x00000000123b0000]
 total_blobs=58 nmethods=0 adapters=38
 compilation: enabled

Compilation events (0 events):
No events

GC Heap History (0 events):
No events

Deoptimization events (0 events):
No events

Internal exceptions (0 events):
No events

Events (10 events):
Event: 0.030 loading class java/lang/Short
Event: 0.030 loading class java/lang/Short done
Event: 0.030 loading class java/lang/Integer
Event: 0.030 loading class java/lang/Integer done
Event: 0.030 loading class java/lang/Long
Event: 0.031 loading class java/lang/Long done
Event: 0.032 loading class java/lang/NullPointerException
Event: 0.032 loading class java/lang/NullPointerException done
Event: 0.032 loading class java/lang/ArithmeticException
Event: 0.032 loading class java/lang/ArithmeticException done


Dynamic libraries:
0x00007ff655580000 - 0x00007ff6555b7000 	C:\Program Files\Java\jdk1.8.0_144\bin\java.exe
0x00007ffe37120000 - 0x00007ffe372e1000 	C:\WINDOWS\SYSTEM32\ntdll.dll
0x00007ffe34c20000 - 0x00007ffe34ccd000 	C:\WINDOWS\system32\KERNEL32.DLL
0x00007ffe33ae0000 - 0x00007ffe33cc8000 	C:\WINDOWS\system32\KERNELBASE.dll
0x00007ffe356d0000 - 0x00007ffe35777000 	C:\WINDOWS\system32\ADVAPI32.dll
0x00007ffe35400000 - 0x00007ffe3549d000 	C:\WINDOWS\system32\msvcrt.dll
0x00007ffe35780000 - 0x00007ffe357dc000 	C:\WINDOWS\system32\sechost.dll
0x00007ffe34cd0000 - 0x00007ffe34ded000 	C:\WINDOWS\system32\RPCRT4.dll
0x00007ffe35290000 - 0x00007ffe353e6000 	C:\WINDOWS\system32\USER32.dll
0x00007ffe357e0000 - 0x00007ffe35967000 	C:\WINDOWS\system32\GDI32.dll
0x00007ffe250e0000 - 0x00007ffe25354000 	C:\WINDOWS\WinSxS\amd64_microsoft.windows.common-controls_6595b64144ccf1df_6.0.10586.839_none_a2ddba30a539a2ae\COMCTL32.dll
0x00007ffe34960000 - 0x00007ffe34bde000 	C:\WINDOWS\system32\combase.dll
0x00007ffe343d0000 - 0x00007ffe3443a000 	C:\WINDOWS\system32\bcryptPrimitives.dll
0x00007ffe34be0000 - 0x00007ffe34c1b000 	C:\WINDOWS\system32\IMM32.DLL
0x0000000074a40000 - 0x0000000074b12000 	C:\Program Files\Java\jdk1.8.0_144\jre\bin\msvcr100.dll
0x0000000073460000 - 0x0000000073cfd000 	C:\Program Files\Java\jdk1.8.0_144\jre\bin\server\jvm.dll
0x00007ffe34950000 - 0x00007ffe34958000 	C:\WINDOWS\system32\PSAPI.DLL
0x00007ffe25420000 - 0x00007ffe2542a000 	C:\WINDOWS\SYSTEM32\VERSION.dll
0x00007ffe31a90000 - 0x00007ffe31ab3000 	C:\WINDOWS\SYSTEM32\WINMM.dll
0x00007ffe16ce0000 - 0x00007ffe16ce9000 	C:\WINDOWS\SYSTEM32\WSOCK32.dll
0x00007ffe354a0000 - 0x00007ffe3550b000 	C:\WINDOWS\system32\WS2_32.dll
0x0000000001520000 - 0x000000000154c000 	C:\WINDOWS\SYSTEM32\WINMMBASE.dll
0x00007ffe34440000 - 0x00007ffe34483000 	C:\WINDOWS\system32\cfgmgr32.dll
0x0000000074a30000 - 0x0000000074a3f000 	C:\Program Files\Java\jdk1.8.0_144\jre\bin\verify.dll
0x0000000074a00000 - 0x0000000074a29000 	C:\Program Files\Java\jdk1.8.0_144\jre\bin\java.dll
0x0000000074970000 - 0x0000000074993000 	C:\Program Files\Java\jdk1.8.0_144\jre\bin\instrument.dll
0x00000000749e0000 - 0x00000000749f6000 	C:\Program Files\Java\jdk1.8.0_144\jre\bin\zip.dll

VM Arguments:
jvm_args: -Dmaven.multiModuleProjectDirectory=E:\repairsystem -Dmaven.home=C:\Program Files\JetBrains\IntelliJ IDEA 2017.3.5\plugins\maven\lib\maven3 -Dclassworlds.conf=C:\Program Files\JetBrains\IntelliJ IDEA 2017.3.5\plugins\maven\lib\maven3\bin\m2.conf -javaagent:C:\Program Files\JetBrains\IntelliJ IDEA 2017.3.5\lib\idea_rt.jar=51426:C:\Program Files\JetBrains\IntelliJ IDEA 2017.3.5\bin -Dfile.encoding=UTF-8 
java_command: org.codehaus.classworlds.Launcher -Didea.version=2017.3.5 install
java_class_path (initial): C:\Program Files\JetBrains\IntelliJ IDEA 2017.3.5\plugins\maven\lib\maven3\boot\plexus-classworlds-2.5.2.jar;C:\Program Files\JetBrains\IntelliJ IDEA 2017.3.5\lib\idea_rt.jar
Launcher Type: SUN_STANDARD

Environment Variables:
JAVA_HOME=C:\Program Files\Java\jdk1.8.0_144
CLASSPATH=C:\Program Files\Java\jdk1.8.0_144\lib\dt.jar;C:\Program Files\Java\jdk1.8.0_144\lib\tools.jar;
PATH=C:\Program Files\Java\jdk1.8.0_144\bin;C:\Program Files\Java\jdk1.8.0_144\jre\bin;C:\ProgramData\Oracle\Java\javapath;C:\WINDOWS\system32;C:\WINDOWS;C:\WINDOWS\System32\Wbem;C:\WINDOWS\System32\WindowsPowerShell\v1.0\;E:\apache-tomcat-9.0.0.M22\bin;F:\runtime\win64;F:\bin;F:\polyspace\bin;C:\apache-maven-3.5.2\bin;C:\spring-2.0.0.RELEASE\bin;C:\Program Files\nodejs\;C:\Program Files\Git\cmd;E:\wgetwin-1_5_3_1-binary;C:\Program Files\Redis\;E:\spark\spark-2.4.0-bin-hadoop2.7\bin;E:\hadoop-2.7.7\bin;C:\Users\Administrator\AppData\Local\Programs\Python\Python37;C:\Users\Administrator\AppData\Local\Programs\Python\Python37\Scripts;C:\Users\Administrator\AppData\Local\Programs\Python\Python37\Scripts\;C:\Users\Administrator\AppData\Local\Programs\Python\Python37\;C:\Users\Administrator\AppData\Roaming\npm;E:\Docker Toolbox
USERNAME=Administrator
OS=Windows_NT
PROCESSOR_IDENTIFIER=Intel64 Family 6 Model 94 Stepping 3, GenuineIntel



---------------  S Y S T E M  ---------------

OS: Windows 10.0 , 64 bit Build 10586 (10.0.10586.589)

CPU:total 4 (initial active 4) (4 cores per cpu, 1 threads per core) family 6 model 94 stepping 3, cmov, cx8, fxsr, mmx, sse, sse2, sse3, ssse3, sse4.1, sse4.2, popcnt, avx, avx2, aes, clmul, erms, rtm, 3dnowpref, lzcnt, tsc, tscinvbit, bmi1, bmi2, adx

Memory: 4k page, physical 12372972k(3346120k free), swap 22034168k(6844k free)

vm_info: Java HotSpot(TM) 64-Bit Server VM (25.144-b01) for windows-amd64 JRE (1.8.0_144-b01), built on Jul 21 2017 21:57:33 by "java_re" with MS VC++ 10.0 (VS2010)

time: Sat Jun 08 21:08:43 2019
elapsed time: 0 seconds (0d 0h 0m 0s)

